# JRE version: OpenJDK Runtime Environment Zulu15.38+17-CA (15.0.6+5) (build 15.0.6+5-MTS)
# Java VM: OpenJDK 64-Bit Server VM Zulu15.38+17-CA (15.0.6+5-MTS, mixed mode, tiered, compressed oops, g1 gc, bsd-aarch64)
GC Precious Log:
 CPUs: 8 total, 8 available
 Memory: 8192M
 Large Page Support: Disabled
 NUMA Support: Disabled
 Compressed Oops: Enabled (Zero based)
 Heap Region Size: 1M
 Heap Min Capacity: 8M
 Heap Initial Capacity: 128M
 Heap Max Capacity: 1G
 Pre-touch: Disabled
 Parallel Workers: 8
 Concurrent Workers: 2
 Concurrent Refinement Workers: 8
 Periodic GC: Disabled
Heap:
 garbage-first heap   total 20480K, used 5444K [0x0000000780000000, 0x00000007c0000000)
  region size 1024K, 1 young (1024K), 0 survivors (0K)
 Metaspace       used 8317K, capacity 8526K, committed 8832K, reserved 1056768K
  class space    used 735K, capacity 787K, committed 896K, reserved 1048576K
GC Heap History (20 events):
Event: 0.189 GC heap before
{Heap before GC invocations=0 (full 0):
 garbage-first heap   total 131072K, used 4096K [0x0000000780000000, 0x00000007c0000000)
  region size 1024K, 5 young (5120K), 0 survivors (0K)
 Metaspace       used 6967K, capacity 7083K, committed 7424K, reserved 1056768K
  class space    used 612K, capacity 675K, committed 768K, reserved 1048576K
}
Event: 0.190 GC heap after
{Heap after GC invocations=1 (full 1):
 garbage-first heap   total 10240K, used 1452K [0x0000000780000000, 0x00000007c0000000)
  region size 1024K, 0 young (0K), 0 survivors (0K)
 Metaspace       used 6967K, capacity 7083K, committed 7424K, reserved 1056768K
  class space    used 612K, capacity 675K, committed 768K, reserved 1048576K
}
Event: 0.237 GC heap before
{Heap before GC invocations=1 (full 1):
 garbage-first heap   total 10240K, used 3500K [0x0000000780000000, 0x00000007c0000000)
  region size 1024K, 2 young (2048K), 0 survivors (0K)
 Metaspace       used 8112K, capacity 8258K, committed 8576K, reserved 1056768K
  class space    used 722K, capacity 785K, committed 896K, reserved 1048576K
}
Event: 0.238 GC heap after
{Heap after GC invocations=2 (full 1):
 garbage-first heap   total 10240K, used 1948K [0x0000000780000000, 0x00000007c0000000)
  region size 1024K, 1 young (1024K), 1 survivors (1024K)
 Metaspace       used 8112K, capacity 8258K, committed 8576K, reserved 1056768K
  class space    used 722K, capacity 785K, committed 896K, reserved 1048576K
}
Event: 0.242 GC heap before
{Heap before GC invocations=2 (full 1):
 garbage-first heap   total 10240K, used 2972K [0x0000000780000000, 0x00000007c0000000)
  region size 1024K, 2 young (2048K), 1 survivors (1024K)
 Metaspace       used 8117K, capacity 8258K, committed 8576K, reserved 1056768K
  class space    used 723K, capacity 785K, committed 896K, reserved 1048576K
}
Event: 0.242 GC heap after
{Heap after GC invocations=3 (full 1):
 garbage-first heap   total 10240K, used 2080K [0x0000000780000000, 0x00000007c0000000)
  region size 1024K, 1 young (1024K), 1 survivors (1024K)
 Metaspace       used 8117K, capacity 8258K, committed 8576K, reserved 1056768K
  class space    used 723K, capacity 785K, committed 896K, reserved 1048576K
}
Event: 0.246 GC heap before
{Heap before GC invocations=3 (full 1):
 garbage-first heap   total 10240K, used 4128K [0x0000000780000000, 0x00000007c0000000)
  region size 1024K, 3 young (3072K), 1 survivors (1024K)
 Metaspace       used 8129K, capacity 8258K, committed 8576K, reserved 1056768K
  class space    used 723K, capacity 785K, committed 896K, reserved 1048576K
}
Event: 0.246 GC heap after
{Heap after GC invocations=4 (full 1):
 garbage-first heap   total 10240K, used 2273K [0x0000000780000000, 0x00000007c0000000)
  region size 1024K, 1 young (1024K), 1 survivors (1024K)
 Metaspace       used 8129K, capacity 8258K, committed 8576K, reserved 1056768K
  class space    used 723K, capacity 785K, committed 896K, reserved 1048576K
}
Event: 0.249 GC heap before
{Heap before GC invocations=4 (full 1):
 garbage-first heap   total 10240K, used 4321K [0x0000000780000000, 0x00000007c0000000)
  region size 1024K, 3 young (3072K), 1 survivors (1024K)
 Metaspace       used 8157K, capacity 8258K, committed 8576K, reserved 1056768K
  class space    used 723K, capacity 785K, committed 896K, reserved 1048576K
}
Event: 0.249 GC heap after
{Heap after GC invocations=5 (full 1):
 garbage-first heap   total 10240K, used 2408K [0x0000000780000000, 0x00000007c0000000)
  region size 1024K, 1 young (1024K), 1 survivors (1024K)
 Metaspace       used 8157K, capacity 8258K, committed 8576K, reserved 1056768K
  class space    used 723K, capacity 785K, committed 896K, reserved 1048576K
}
Event: 0.251 GC heap before
{Heap before GC invocations=5 (full 1):
 garbage-first heap   total 10240K, used 4456K [0x0000000780000000, 0x00000007c0000000)
  region size 1024K, 3 young (3072K), 1 survivors (1024K)
 Metaspace       used 8159K, capacity 8258K, committed 8576K, reserved 1056768K
  class space    used 723K, capacity 785K, committed 896K, reserved 1048576K
}
Event: 0.252 GC heap after
{Heap after GC invocations=6 (full 1):
 garbage-first heap   total 10240K, used 2552K [0x0000000780000000, 0x00000007c0000000)
  region size 1024K, 1 young (1024K), 1 survivors (1024K)
 Metaspace       used 8159K, capacity 8258K, committed 8576K, reserved 1056768K
  class space    used 723K, capacity 785K, committed 896K, reserved 1048576K
}
Event: 0.253 GC heap before
{Heap before GC invocations=6 (full 1):
 garbage-first heap   total 10240K, used 4600K [0x0000000780000000, 0x00000007c0000000)
  region size 1024K, 3 young (3072K), 1 survivors (1024K)
 Metaspace       used 8159K, capacity 8258K, committed 8576K, reserved 1056768K
  class space    used 723K, capacity 785K, committed 896K, reserved 1048576K
}
Event: 0.253 GC heap after
{Heap after GC invocations=7 (full 1):
 garbage-first heap   total 10240K, used 2805K [0x0000000780000000, 0x00000007c0000000)
  region size 1024K, 1 young (1024K), 1 survivors (1024K)
 Metaspace       used 8159K, capacity 8258K, committed 8576K, reserved 1056768K
  class space    used 723K, capacity 785K, committed 896K, reserved 1048576K
}
Event: 0.255 GC heap before
{Heap before GC invocations=7 (full 1):
 garbage-first heap   total 10240K, used 4853K [0x0000000780000000, 0x00000007c0000000)
  region size 1024K, 3 young (3072K), 1 survivors (1024K)
 Metaspace       used 8161K, capacity 8322K, committed 8576K, reserved 1056768K
  class space    used 723K, capacity 785K, committed 896K, reserved 1048576K
}
Event: 0.255 GC heap after
{Heap after GC invocations=8 (full 1):
 garbage-first heap   total 10240K, used 3001K [0x0000000780000000, 0x00000007c0000000)
  region size 1024K, 1 young (1024K), 1 survivors (1024K)
 Metaspace       used 8161K, capacity 8322K, committed 8576K, reserved 1056768K
  class space    used 723K, capacity 785K, committed 896K, reserved 1048576K
}
Event: 0.257 GC heap before
{Heap before GC invocations=8 (full 1):
 garbage-first heap   total 10240K, used 5049K [0x0000000780000000, 0x00000007c0000000)
  region size 1024K, 3 young (3072K), 1 survivors (1024K)
 Metaspace       used 8167K, capacity 8322K, committed 8576K, reserved 1056768K
  class space    used 723K, capacity 785K, committed 896K, reserved 1048576K
}
Event: 0.257 GC heap after
{Heap after GC invocations=9 (full 1):
 garbage-first heap   total 70656K, used 3146K [0x0000000780000000, 0x00000007c0000000)
  region size 1024K, 1 young (1024K), 1 survivors (1024K)
 Metaspace       used 8167K, capacity 8322K, committed 8576K, reserved 1056768K
  class space    used 723K, capacity 785K, committed 896K, reserved 1048576K
}
Event: 0.304 GC heap before
{Heap before GC invocations=9 (full 1):
 garbage-first heap   total 70656K, used 27722K [0x0000000780000000, 0x00000007c0000000)
  region size 1024K, 26 young (26624K), 1 survivors (1024K)
 Metaspace       used 8307K, capacity 8462K, committed 8832K, reserved 1056768K
  class space    used 733K, capacity 787K, committed 896K, reserved 1048576K
}
Event: 0.311 GC heap after
{Heap after GC invocations=10 (full 2):
 garbage-first heap   total 20480K, used 5444K [0x0000000780000000, 0x00000007c0000000)
  region size 1024K, 0 young (0K), 0 survivors (0K)
 Metaspace       used 8307K, capacity 8462K, committed 8832K, reserved 1056768K
  class space    used 733K, capacity 787K, committed 896K, reserved 1048576K
}

